# JRE version: Java(TM) SE Runtime Environment (8.0_231-b11) (build 1.8.0_231-b11)
# Java VM: Java HotSpot(TM) 64-Bit Server VM (25.231-b11 mixed mode windows-amd64 compressed oops)
Heap:
 PSYoungGen      total 153600K, used 79729K [0x00000000f5580000, 0x0000000100000000, 0x0000000100000000)
  eden space 137728K, 46% used [0x00000000f5580000,0x00000000f93f8d58,0x00000000fdc00000)
  from space 15872K, 99% used [0x00000000fdc00000,0x00000000feb636a8,0x00000000feb80000)
  to   space 19456K, 0% used [0x00000000fed00000,0x00000000fed00000,0x0000000100000000)
 ParOldGen       total 208896K, used 30494K [0x00000000e0000000, 0x00000000ecc00000, 0x00000000f5580000)
  object space 208896K, 14% used [0x00000000e0000000,0x00000000e1dc79a8,0x00000000ecc00000)
 Metaspace       used 65591K, capacity 68252K, committed 68480K, reserved 1107968K
  class space    used 9047K, capacity 9772K, committed 9856K, reserved 1048576K
GC Heap History (10 events):
Event: 47.565 GC heap before
{Heap before GC invocations=10 (full 2):
 PSYoungGen      total 116224K, used 102912K [0x00000000f5580000, 0x0000000100000000, 0x0000000100000000)
  eden space 102912K, 100% used [0x00000000f5580000,0x00000000fba00000,0x00000000fba00000)
  from space 13312K, 0% used [0x00000000fba00000,0x00000000fba00000,0x00000000fc700000)
  to   space 13312K, 0% used [0x00000000ff300000,0x00000000ff300000,0x0000000100000000)
 ParOldGen       total 175104K, used 15392K [0x00000000e0000000, 0x00000000eab00000, 0x00000000f5580000)
  object space 175104K, 8% used [0x00000000e0000000,0x00000000e0f08130,0x00000000eab00000)
 Metaspace       used 44808K, capacity 45980K, committed 46336K, reserved 1089536K
  class space    used 6168K, capacity 6530K, committed 6656K, reserved 1048576K
Event: 47.593 GC heap after
Heap after GC invocations=10 (full 2):
 PSYoungGen      total 157184K, used 13297K [0x00000000f5580000, 0x0000000100000000, 0x0000000100000000)
  eden space 143872K, 0% used [0x00000000f5580000,0x00000000f5580000,0x00000000fe200000)
  from space 13312K, 99% used [0x00000000ff300000,0x00000000ffffc600,0x0000000100000000)
  to   space 15360K, 0% used [0x00000000fe200000,0x00000000fe200000,0x00000000ff100000)
 ParOldGen       total 175104K, used 16945K [0x00000000e0000000, 0x00000000eab00000, 0x00000000f5580000)
  object space 175104K, 9% used [0x00000000e0000000,0x00000000e108c438,0x00000000eab00000)
 Metaspace       used 44808K, capacity 45980K, committed 46336K, reserved 1089536K
  class space    used 6168K, capacity 6530K, committed 6656K, reserved 1048576K
}
Event: 75.377 GC heap before
{Heap before GC invocations=11 (full 2):
 PSYoungGen      total 157184K, used 157169K [0x00000000f5580000, 0x0000000100000000, 0x0000000100000000)
  eden space 143872K, 100% used [0x00000000f5580000,0x00000000fe200000,0x00000000fe200000)
  from space 13312K, 99% used [0x00000000ff300000,0x00000000ffffc600,0x0000000100000000)
  to   space 15360K, 0% used [0x00000000fe200000,0x00000000fe200000,0x00000000ff100000)
 ParOldGen       total 175104K, used 16945K [0x00000000e0000000, 0x00000000eab00000, 0x00000000f5580000)
  object space 175104K, 9% used [0x00000000e0000000,0x00000000e108c438,0x00000000eab00000)
 Metaspace       used 56065K, capacity 57768K, committed 57856K, reserved 1099776K
  class space    used 7724K, capacity 8183K, committed 8192K, reserved 1048576K
Event: 75.476 GC heap after
Heap after GC invocations=11 (full 2):
 PSYoungGen      total 159232K, used 15344K [0x00000000f5580000, 0x0000000100000000, 0x0000000100000000)
  eden space 143872K, 0% used [0x00000000f5580000,0x00000000f5580000,0x00000000fe200000)
  from space 15360K, 99% used [0x00000000fe200000,0x00000000ff0fc038,0x00000000ff100000)
  to   space 15360K, 0% used [0x00000000ff100000,0x00000000ff100000,0x0000000100000000)
 ParOldGen       total 175104K, used 22468K [0x00000000e0000000, 0x00000000eab00000, 0x00000000f5580000)
  object space 175104K, 12% used [0x00000000e0000000,0x00000000e15f10d0,0x00000000eab00000)
 Metaspace       used 56065K, capacity 57768K, committed 57856K, reserved 1099776K
  class space    used 7724K, capacity 8183K, committed 8192K, reserved 1048576K
}
Event: 76.124 GC heap before
{Heap before GC invocations=12 (full 2):
 PSYoungGen      total 159232K, used 34760K [0x00000000f5580000, 0x0000000100000000, 0x0000000100000000)
  eden space 143872K, 13% used [0x00000000f5580000,0x00000000f6876298,0x00000000fe200000)
  from space 15360K, 99% used [0x00000000fe200000,0x00000000ff0fc038,0x00000000ff100000)
  to   space 15360K, 0% used [0x00000000ff100000,0x00000000ff100000,0x0000000100000000)
 ParOldGen       total 175104K, used 22468K [0x00000000e0000000, 0x00000000eab00000, 0x00000000f5580000)
  object space 175104K, 12% used [0x00000000e0000000,0x00000000e15f10d0,0x00000000eab00000)
 Metaspace       used 57174K, capacity 58856K, committed 59008K, reserved 1099776K
  class space    used 7855K, capacity 8311K, committed 8320K, reserved 1048576K
Event: 76.154 GC heap after
Heap after GC invocations=12 (full 2):
 PSYoungGen      total 153088K, used 9524K [0x00000000f5580000, 0x0000000100000000, 0x0000000100000000)
  eden space 137728K, 0% used [0x00000000f5580000,0x00000000f5580000,0x00000000fdc00000)
  from space 15360K, 62% used [0x00000000ff100000,0x00000000ffa4d158,0x0000000100000000)
  to   space 18432K, 0% used [0x00000000fdc00000,0x00000000fdc00000,0x00000000fee00000)
 ParOldGen       total 175104K, used 28940K [0x00000000e0000000, 0x00000000eab00000, 0x00000000f5580000)
  object space 175104K, 16% used [0x00000000e0000000,0x00000000e1c430a0,0x00000000eab00000)
 Metaspace       used 57174K, capacity 58856K, committed 59008K, reserved 1099776K
  class space    used 7855K, capacity 8311K, committed 8320K, reserved 1048576K
}
Event: 76.154 GC heap before
{Heap before GC invocations=13 (full 3):
 PSYoungGen      total 153088K, used 9524K [0x00000000f5580000, 0x0000000100000000, 0x0000000100000000)
  eden space 137728K, 0% used [0x00000000f5580000,0x00000000f5580000,0x00000000fdc00000)
  from space 15360K, 62% used [0x00000000ff100000,0x00000000ffa4d158,0x0000000100000000)
  to   space 18432K, 0% used [0x00000000fdc00000,0x00000000fdc00000,0x00000000fee00000)
 ParOldGen       total 175104K, used 28940K [0x00000000e0000000, 0x00000000eab00000, 0x00000000f5580000)
  object space 175104K, 16% used [0x00000000e0000000,0x00000000e1c430a0,0x00000000eab00000)
 Metaspace       used 57174K, capacity 58856K, committed 59008K, reserved 1099776K
  class space    used 7855K, capacity 8311K, committed 8320K, reserved 1048576K
Event: 76.459 GC heap after
Heap after GC invocations=13 (full 3):
 PSYoungGen      total 153088K, used 0K [0x00000000f5580000, 0x0000000100000000, 0x0000000100000000)
  eden space 137728K, 0% used [0x00000000f5580000,0x00000000f5580000,0x00000000fdc00000)
  from space 15360K, 0% used [0x00000000ff100000,0x00000000ff100000,0x0000000100000000)
  to   space 18432K, 0% used [0x00000000fdc00000,0x00000000fdc00000,0x00000000fee00000)
 ParOldGen       total 208896K, used 30494K [0x00000000e0000000, 0x00000000ecc00000, 0x00000000f5580000)
  object space 208896K, 14% used [0x00000000e0000000,0x00000000e1dc79a8,0x00000000ecc00000)
 Metaspace       used 57174K, capacity 58856K, committed 59008K, reserved 1099776K
  class space    used 7855K, capacity 8311K, committed 8320K, reserved 1048576K
}
Event: 85.587 GC heap before
{Heap before GC invocations=14 (full 3):
 PSYoungGen      total 153088K, used 137728K [0x00000000f5580000, 0x0000000100000000, 0x0000000100000000)
  eden space 137728K, 100% used [0x00000000f5580000,0x00000000fdc00000,0x00000000fdc00000)
  from space 15360K, 0% used [0x00000000ff100000,0x00000000ff100000,0x0000000100000000)
  to   space 18432K, 0% used [0x00000000fdc00000,0x00000000fdc00000,0x00000000fee00000)
 ParOldGen       total 208896K, used 30494K [0x00000000e0000000, 0x00000000ecc00000, 0x00000000f5580000)
  object space 208896K, 14% used [0x00000000e0000000,0x00000000e1dc79a8,0x00000000ecc00000)
 Metaspace       used 62631K, capacity 65010K, committed 65152K, reserved 1105920K
  class space    used 8673K, capacity 9285K, committed 9344K, reserved 1048576K
Event: 85.640 GC heap after
Heap after GC invocations=14 (full 3):
 PSYoungGen      total 153600K, used 15757K [0x00000000f5580000, 0x0000000100000000, 0x0000000100000000)
  eden space 137728K, 0% used [0x00000000f5580000,0x00000000f5580000,0x00000000fdc00000)
  from space 15872K, 99% used [0x00000000fdc00000,0x00000000feb636a8,0x00000000feb80000)
  to   space 19456K, 0% used [0x00000000fed00000,0x00000000fed00000,0x0000000100000000)
 ParOldGen       total 208896K, used 30494K [0x00000000e0000000, 0x00000000ecc00000, 0x00000000f5580000)
  object space 208896K, 14% used [0x00000000e0000000,0x00000000e1dc79a8,0x00000000ecc00000)
 Metaspace       used 62631K, capacity 65010K, committed 65152K, reserved 1105920K
  class space    used 8673K, capacity 9285K, committed 9344K, reserved 1048576K
}

